<?xml version="1.0" encoding="utf-8"?><testsuites name="pytest tests"><testsuite name="pytest" errors="0" failures="0" skipped="0" tests="15" time="5.356" timestamp="2026-01-09T21:51:17.849883+00:00" hostname="agent-env-f9882a64-2738-45eb-81b0-3e6086ddf970"><testcase classname="tests.test_chat_payments.TestAuthentication" name="test_locateur_login" time="0.277" /><testcase classname="tests.test_chat_payments.TestAuthentication" name="test_employee_login" time="0.264" /><testcase classname="tests.test_chat_payments.TestChatModule" name="test_get_available_users_locateur" time="0.305" /><testcase classname="tests.test_chat_payments.TestChatModule" name="test_get_available_users_employee" time="0.299" /><testcase classname="tests.test_chat_payments.TestChatModule" name="test_get_conversations" time="0.312" /><testcase classname="tests.test_chat_payments.TestChatModule" name="test_create_conversation_and_send_message" time="0.783" /><testcase classname="tests.test_chat_payments.TestChatModule" name="test_unread_count" time="0.303" /><testcase classname="tests.test_chat_payments.TestPaymentsModule" name="test_get_payments" time="0.298" /><testcase classname="tests.test_chat_payments.TestPaymentsModule" name="test_get_contracts_for_payment" time="0.305" /><testcase classname="tests.test_chat_payments.TestPaymentsModule" name="test_create_payment" time="0.343" /><testcase classname="tests.test_chat_payments.TestPaymentsModule" name="test_update_payment" time="0.380" /><testcase classname="tests.test_chat_payments.TestPaymentsModule" name="test_delete_payment" time="0.421" /><testcase classname="tests.test_chat_payments.TestPaymentsModule" name="test_employee_can_manage_payments" time="0.389" /><testcase classname="tests.test_chat_payments.TestMultiTenantIsolation" name="test_payments_tenant_isolation" time="0.303" /><testcase classname="tests.test_chat_payments.TestMultiTenantIsolation" name="test_chat_users_tenant_isolation" time="0.312" /></testsuite></testsuites>